# JRE version: Java(TM) SE Runtime Environment (8.0_211-b12) (build 1.8.0_211-b12)
# Java VM: Java HotSpot(TM) 64-Bit Server VM (25.211-b12 mixed mode windows-amd64 compressed oops)
Heap:
 PSYoungGen      total 52736K, used 36472K [0x00000000e0f80000, 0x00000000e4680000, 0x0000000100000000)
  eden space 49152K, 74% used [0x00000000e0f80000,0x00000000e331e248,0x00000000e3f80000)
  from space 3584K, 0% used [0x00000000e4300000,0x00000000e4300000,0x00000000e4680000)
  to   space 3584K, 0% used [0x00000000e3f80000,0x00000000e3f80000,0x00000000e4300000)
 ParOldGen       total 66048K, used 21763K [0x00000000a2e00000, 0x00000000a6e80000, 0x00000000e0f80000)
  object space 66048K, 32% used [0x00000000a2e00000,0x00000000a4340c60,0x00000000a6e80000)
 Metaspace       used 21289K, capacity 21826K, committed 22192K, reserved 1069056K
  class space    used 2560K, capacity 2713K, committed 2816K, reserved 1048576K
GC Heap History (10 events):
Event: 2.027 GC heap before
{Heap before GC invocations=5 (full 0):
 PSYoungGen      total 52736K, used 52704K [0x00000000e0f80000, 0x00000000e4680000, 0x0000000100000000)
  eden space 49152K, 100% used [0x00000000e0f80000,0x00000000e3f80000,0x00000000e3f80000)
  from space 3584K, 99% used [0x00000000e4300000,0x00000000e4678020,0x00000000e4680000)
  to   space 3584K, 0% used [0x00000000e3f80000,0x00000000e3f80000,0x00000000e4300000)
 ParOldGen       total 64512K, used 7805K [0x00000000a2e00000, 0x00000000a6d00000, 0x00000000e0f80000)
  object space 64512K, 12% used [0x00000000a2e00000,0x00000000a359f7c8,0x00000000a6d00000)
 Metaspace       used 15504K, capacity 15802K, committed 16128K, reserved 1062912K
  class space    used 1863K, capacity 1945K, committed 2048K, reserved 1048576K
Event: 2.037 GC heap after
Heap after GC invocations=5 (full 0):
 PSYoungGen      total 52736K, used 3552K [0x00000000e0f80000, 0x00000000e4680000, 0x0000000100000000)
  eden space 49152K, 0% used [0x00000000e0f80000,0x00000000e0f80000,0x00000000e3f80000)
  from space 3584K, 99% used [0x00000000e3f80000,0x00000000e42f8040,0x00000000e4300000)
  to   space 3584K, 0% used [0x00000000e4300000,0x00000000e4300000,0x00000000e4680000)
 ParOldGen       total 64512K, used 14111K [0x00000000a2e00000, 0x00000000a6d00000, 0x00000000e0f80000)
  object space 64512K, 21% used [0x00000000a2e00000,0x00000000a3bc7c58,0x00000000a6d00000)
 Metaspace       used 15504K, capacity 15802K, committed 16128K, reserved 1062912K
  class space    used 1863K, capacity 1945K, committed 2048K, reserved 1048576K
}
Event: 2.263 GC heap before
{Heap before GC invocations=6 (full 0):
 PSYoungGen      total 52736K, used 52704K [0x00000000e0f80000, 0x00000000e4680000, 0x0000000100000000)
  eden space 49152K, 100% used [0x00000000e0f80000,0x00000000e3f80000,0x00000000e3f80000)
  from space 3584K, 99% used [0x00000000e3f80000,0x00000000e42f8040,0x00000000e4300000)
  to   space 3584K, 0% used [0x00000000e4300000,0x00000000e4300000,0x00000000e4680000)
 ParOldGen       total 64512K, used 14111K [0x00000000a2e00000, 0x00000000a6d00000, 0x00000000e0f80000)
  object space 64512K, 21% used [0x00000000a2e00000,0x00000000a3bc7c58,0x00000000a6d00000)
 Metaspace       used 15758K, capacity 16044K, committed 16384K, reserved 1062912K
  class space    used 1875K, capacity 1980K, committed 2048K, reserved 1048576K
Event: 2.275 GC heap after
Heap after GC invocations=6 (full 0):
 PSYoungGen      total 52736K, used 3552K [0x00000000e0f80000, 0x00000000e4680000, 0x0000000100000000)
  eden space 49152K, 0% used [0x00000000e0f80000,0x00000000e0f80000,0x00000000e3f80000)
  from space 3584K, 99% used [0x00000000e4300000,0x00000000e4678020,0x00000000e4680000)
  to   space 3584K, 0% used [0x00000000e3f80000,0x00000000e3f80000,0x00000000e4300000)
 ParOldGen       total 64512K, used 19141K [0x00000000a2e00000, 0x00000000a6d00000, 0x00000000e0f80000)
  object space 64512K, 29% used [0x00000000a2e00000,0x00000000a40b1728,0x00000000a6d00000)
 Metaspace       used 15758K, capacity 16044K, committed 16384K, reserved 1062912K
  class space    used 1875K, capacity 1980K, committed 2048K, reserved 1048576K
}
Event: 2.697 GC heap before
{Heap before GC invocations=7 (full 0):
 PSYoungGen      total 52736K, used 52704K [0x00000000e0f80000, 0x00000000e4680000, 0x0000000100000000)
  eden space 49152K, 100% used [0x00000000e0f80000,0x00000000e3f80000,0x00000000e3f80000)
  from space 3584K, 99% used [0x00000000e4300000,0x00000000e4678020,0x00000000e4680000)
  to   space 3584K, 0% used [0x00000000e3f80000,0x00000000e3f80000,0x00000000e4300000)
 ParOldGen       total 64512K, used 19141K [0x00000000a2e00000, 0x00000000a6d00000, 0x00000000e0f80000)
  object space 64512K, 29% used [0x00000000a2e00000,0x00000000a40b1728,0x00000000a6d00000)
 Metaspace       used 16516K, capacity 16860K, committed 17024K, reserved 1064960K
  class space    used 1939K, capacity 2056K, committed 2176K, reserved 1048576K
Event: 2.708 GC heap after
Heap after GC invocations=7 (full 0):
 PSYoungGen      total 52736K, used 3568K [0x00000000e0f80000, 0x00000000e4680000, 0x0000000100000000)
  eden space 49152K, 0% used [0x00000000e0f80000,0x00000000e0f80000,0x00000000e3f80000)
  from space 3584K, 99% used [0x00000000e3f80000,0x00000000e42fc010,0x00000000e4300000)
  to   space 3584K, 0% used [0x00000000e4300000,0x00000000e4300000,0x00000000e4680000)
 ParOldGen       total 64512K, used 23077K [0x00000000a2e00000, 0x00000000a6d00000, 0x00000000e0f80000)
  object space 64512K, 35% used [0x00000000a2e00000,0x00000000a4489558,0x00000000a6d00000)
 Metaspace       used 16516K, capacity 16860K, committed 17024K, reserved 1064960K
  class space    used 1939K, capacity 2056K, committed 2176K, reserved 1048576K
}
Event: 3.409 GC heap before
{Heap before GC invocations=8 (full 0):
 PSYoungGen      total 52736K, used 39908K [0x00000000e0f80000, 0x00000000e4680000, 0x0000000100000000)
  eden space 49152K, 73% used [0x00000000e0f80000,0x00000000e32fd138,0x00000000e3f80000)
  from space 3584K, 99% used [0x00000000e3f80000,0x00000000e42fc010,0x00000000e4300000)
  to   space 3584K, 0% used [0x00000000e4300000,0x00000000e4300000,0x00000000e4680000)
 ParOldGen       total 64512K, used 23077K [0x00000000a2e00000, 0x00000000a6d00000, 0x00000000e0f80000)
  object space 64512K, 35% used [0x00000000a2e00000,0x00000000a4489558,0x00000000a6d00000)
 Metaspace       used 20632K, capacity 21090K, committed 21296K, reserved 1069056K
  class space    used 2487K, capacity 2617K, committed 2688K, reserved 1048576K
Event: 3.419 GC heap after
Heap after GC invocations=8 (full 0):
 PSYoungGen      total 52736K, used 3584K [0x00000000e0f80000, 0x00000000e4680000, 0x0000000100000000)
  eden space 49152K, 0% used [0x00000000e0f80000,0x00000000e0f80000,0x00000000e3f80000)
  from space 3584K, 100% used [0x00000000e4300000,0x00000000e4680000,0x00000000e4680000)
  to   space 3584K, 0% used [0x00000000e3f80000,0x00000000e3f80000,0x00000000e4300000)
 ParOldGen       total 64512K, used 26384K [0x00000000a2e00000, 0x00000000a6d00000, 0x00000000e0f80000)
  object space 64512K, 40% used [0x00000000a2e00000,0x00000000a47c4158,0x00000000a6d00000)
 Metaspace       used 20632K, capacity 21090K, committed 21296K, reserved 1069056K
  class space    used 2487K, capacity 2617K, committed 2688K, reserved 1048576K
}
Event: 3.419 GC heap before
{Heap before GC invocations=9 (full 1):
 PSYoungGen      total 52736K, used 3584K [0x00000000e0f80000, 0x00000000e4680000, 0x0000000100000000)
  eden space 49152K, 0% used [0x00000000e0f80000,0x00000000e0f80000,0x00000000e3f80000)
  from space 3584K, 100% used [0x00000000e4300000,0x00000000e4680000,0x00000000e4680000)
  to   space 3584K, 0% used [0x00000000e3f80000,0x00000000e3f80000,0x00000000e4300000)
 ParOldGen       total 64512K, used 26384K [0x00000000a2e00000, 0x00000000a6d00000, 0x00000000e0f80000)
  object space 64512K, 40% used [0x00000000a2e00000,0x00000000a47c4158,0x00000000a6d00000)
 Metaspace       used 20632K, capacity 21090K, committed 21296K, reserved 1069056K
  class space    used 2487K, capacity 2617K, committed 2688K, reserved 1048576K
Event: 3.503 GC heap after
Heap after GC invocations=9 (full 1):
 PSYoungGen      total 52736K, used 0K [0x00000000e0f80000, 0x00000000e4680000, 0x0000000100000000)
  eden space 49152K, 0% used [0x00000000e0f80000,0x00000000e0f80000,0x00000000e3f80000)
  from space 3584K, 0% used [0x00000000e4300000,0x00000000e4300000,0x00000000e4680000)
  to   space 3584K, 0% used [0x00000000e3f80000,0x00000000e3f80000,0x00000000e4300000)
 ParOldGen       total 66048K, used 21763K [0x00000000a2e00000, 0x00000000a6e80000, 0x00000000e0f80000)
  object space 66048K, 32% used [0x00000000a2e00000,0x00000000a4340c60,0x00000000a6e80000)
 Metaspace       used 20632K, capacity 21090K, committed 21296K, reserved 1069056K
  class space    used 2487K, capacity 2617K, committed 2688K, reserved 1048576K
}

