# JRE version: Java(TM) SE Runtime Environment (8.0_211-b12) (build 1.8.0_211-b12)
# Java VM: Java HotSpot(TM) 64-Bit Server VM (25.211-b12 mixed mode windows-amd64 compressed oops)
Heap:
 PSYoungGen      total 52736K, used 38472K [0x00000000e0f80000, 0x00000000e4680000, 0x0000000100000000)
  eden space 49152K, 78% used [0x00000000e0f80000,0x00000000e35121b8,0x00000000e3f80000)
  from space 3584K, 0% used [0x00000000e4300000,0x00000000e4300000,0x00000000e4680000)
  to   space 3584K, 0% used [0x00000000e3f80000,0x00000000e3f80000,0x00000000e4300000)
 ParOldGen       total 65024K, used 21323K [0x00000000a2e00000, 0x00000000a6d80000, 0x00000000e0f80000)
  object space 65024K, 32% used [0x00000000a2e00000,0x00000000a42d2ef8,0x00000000a6d80000)
 Metaspace       used 21330K, capacity 21826K, committed 22192K, reserved 1069056K
  class space    used 2562K, capacity 2713K, committed 2816K, reserved 1048576K
GC Heap History (10 events):
Event: 1.724 GC heap before
{Heap before GC invocations=5 (full 0):
 PSYoungGen      total 52736K, used 52720K [0x00000000e0f80000, 0x00000000e4680000, 0x0000000100000000)
  eden space 49152K, 100% used [0x00000000e0f80000,0x00000000e3f80000,0x00000000e3f80000)
  from space 3584K, 99% used [0x00000000e4300000,0x00000000e467c030,0x00000000e4680000)
  to   space 3584K, 0% used [0x00000000e3f80000,0x00000000e3f80000,0x00000000e4300000)
 ParOldGen       total 64512K, used 7772K [0x00000000a2e00000, 0x00000000a6d00000, 0x00000000e0f80000)
  object space 64512K, 12% used [0x00000000a2e00000,0x00000000a3597178,0x00000000a6d00000)
 Metaspace       used 15510K, capacity 15738K, committed 16128K, reserved 1062912K
  class space    used 1863K, capacity 1945K, committed 2048K, reserved 1048576K
Event: 1.736 GC heap after
Heap after GC invocations=5 (full 0):
 PSYoungGen      total 52736K, used 3568K [0x00000000e0f80000, 0x00000000e4680000, 0x0000000100000000)
  eden space 49152K, 0% used [0x00000000e0f80000,0x00000000e0f80000,0x00000000e3f80000)
  from space 3584K, 99% used [0x00000000e3f80000,0x00000000e42fc010,0x00000000e4300000)
  to   space 3584K, 0% used [0x00000000e4300000,0x00000000e4300000,0x00000000e4680000)
 ParOldGen       total 64512K, used 14007K [0x00000000a2e00000, 0x00000000a6d00000, 0x00000000e0f80000)
  object space 64512K, 21% used [0x00000000a2e00000,0x00000000a3badf30,0x00000000a6d00000)
 Metaspace       used 15510K, capacity 15738K, committed 16128K, reserved 1062912K
  class space    used 1863K, capacity 1945K, committed 2048K, reserved 1048576K
}
Event: 2.006 GC heap before
{Heap before GC invocations=6 (full 0):
 PSYoungGen      total 52736K, used 52720K [0x00000000e0f80000, 0x00000000e4680000, 0x0000000100000000)
  eden space 49152K, 100% used [0x00000000e0f80000,0x00000000e3f80000,0x00000000e3f80000)
  from space 3584K, 99% used [0x00000000e3f80000,0x00000000e42fc010,0x00000000e4300000)
  to   space 3584K, 0% used [0x00000000e4300000,0x00000000e4300000,0x00000000e4680000)
 ParOldGen       total 64512K, used 14007K [0x00000000a2e00000, 0x00000000a6d00000, 0x00000000e0f80000)
  object space 64512K, 21% used [0x00000000a2e00000,0x00000000a3badf30,0x00000000a6d00000)
 Metaspace       used 15776K, capacity 16050K, committed 16384K, reserved 1062912K
  class space    used 1876K, capacity 1981K, committed 2048K, reserved 1048576K
Event: 2.022 GC heap after
Heap after GC invocations=6 (full 0):
 PSYoungGen      total 52736K, used 3584K [0x00000000e0f80000, 0x00000000e4680000, 0x0000000100000000)
  eden space 49152K, 0% used [0x00000000e0f80000,0x00000000e0f80000,0x00000000e3f80000)
  from space 3584K, 100% used [0x00000000e4300000,0x00000000e4680000,0x00000000e4680000)
  to   space 3584K, 0% used [0x00000000e3f80000,0x00000000e3f80000,0x00000000e4300000)
 ParOldGen       total 64512K, used 18945K [0x00000000a2e00000, 0x00000000a6d00000, 0x00000000e0f80000)
  object space 64512K, 29% used [0x00000000a2e00000,0x00000000a40806a8,0x00000000a6d00000)
 Metaspace       used 15776K, capacity 16050K, committed 16384K, reserved 1062912K
  class space    used 1876K, capacity 1981K, committed 2048K, reserved 1048576K
}
Event: 2.376 GC heap before
{Heap before GC invocations=7 (full 0):
 PSYoungGen      total 52736K, used 52736K [0x00000000e0f80000, 0x00000000e4680000, 0x0000000100000000)
  eden space 49152K, 100% used [0x00000000e0f80000,0x00000000e3f80000,0x00000000e3f80000)
  from space 3584K, 100% used [0x00000000e4300000,0x00000000e4680000,0x00000000e4680000)
  to   space 3584K, 0% used [0x00000000e3f80000,0x00000000e3f80000,0x00000000e4300000)
 ParOldGen       total 64512K, used 18945K [0x00000000a2e00000, 0x00000000a6d00000, 0x00000000e0f80000)
  object space 64512K, 29% used [0x00000000a2e00000,0x00000000a40806a8,0x00000000a6d00000)
 Metaspace       used 16612K, capacity 16956K, committed 17280K, reserved 1064960K
  class space    used 1952K, capacity 2088K, committed 2176K, reserved 1048576K
Event: 2.393 GC heap after
Heap after GC invocations=7 (full 0):
 PSYoungGen      total 52736K, used 3568K [0x00000000e0f80000, 0x00000000e4680000, 0x0000000100000000)
  eden space 49152K, 0% used [0x00000000e0f80000,0x00000000e0f80000,0x00000000e3f80000)
  from space 3584K, 99% used [0x00000000e3f80000,0x00000000e42fc010,0x00000000e4300000)
  to   space 3584K, 0% used [0x00000000e4300000,0x00000000e4300000,0x00000000e4680000)
 ParOldGen       total 64512K, used 23077K [0x00000000a2e00000, 0x00000000a6d00000, 0x00000000e0f80000)
  object space 64512K, 35% used [0x00000000a2e00000,0x00000000a4489420,0x00000000a6d00000)
 Metaspace       used 16612K, capacity 16956K, committed 17280K, reserved 1064960K
  class space    used 1952K, capacity 2088K, committed 2176K, reserved 1048576K
}
Event: 2.789 GC heap before
{Heap before GC invocations=8 (full 0):
 PSYoungGen      total 52736K, used 39084K [0x00000000e0f80000, 0x00000000e4680000, 0x0000000100000000)
  eden space 49152K, 72% used [0x00000000e0f80000,0x00000000e322f320,0x00000000e3f80000)
  from space 3584K, 99% used [0x00000000e3f80000,0x00000000e42fc010,0x00000000e4300000)
  to   space 3584K, 0% used [0x00000000e4300000,0x00000000e4300000,0x00000000e4680000)
 ParOldGen       total 64512K, used 23077K [0x00000000a2e00000, 0x00000000a6d00000, 0x00000000e0f80000)
  object space 64512K, 35% used [0x00000000a2e00000,0x00000000a4489420,0x00000000a6d00000)
 Metaspace       used 20640K, capacity 21090K, committed 21296K, reserved 1069056K
  class space    used 2487K, capacity 2617K, committed 2688K, reserved 1048576K
Event: 2.798 GC heap after
Heap after GC invocations=8 (full 0):
 PSYoungGen      total 52736K, used 3556K [0x00000000e0f80000, 0x00000000e4680000, 0x0000000100000000)
  eden space 49152K, 0% used [0x00000000e0f80000,0x00000000e0f80000,0x00000000e3f80000)
  from space 3584K, 99% used [0x00000000e4300000,0x00000000e46791c0,0x00000000e4680000)
  to   space 3584K, 0% used [0x00000000e3f80000,0x00000000e3f80000,0x00000000e4300000)
 ParOldGen       total 64512K, used 26130K [0x00000000a2e00000, 0x00000000a6d00000, 0x00000000e0f80000)
  object space 64512K, 40% used [0x00000000a2e00000,0x00000000a4784b18,0x00000000a6d00000)
 Metaspace       used 20640K, capacity 21090K, committed 21296K, reserved 1069056K
  class space    used 2487K, capacity 2617K, committed 2688K, reserved 1048576K
}
Event: 2.798 GC heap before
{Heap before GC invocations=9 (full 1):
 PSYoungGen      total 52736K, used 3556K [0x00000000e0f80000, 0x00000000e4680000, 0x0000000100000000)
  eden space 49152K, 0% used [0x00000000e0f80000,0x00000000e0f80000,0x00000000e3f80000)
  from space 3584K, 99% used [0x00000000e4300000,0x00000000e46791c0,0x00000000e4680000)
  to   space 3584K, 0% used [0x00000000e3f80000,0x00000000e3f80000,0x00000000e4300000)
 ParOldGen       total 64512K, used 26130K [0x00000000a2e00000, 0x00000000a6d00000, 0x00000000e0f80000)
  object space 64512K, 40% used [0x00000000a2e00000,0x00000000a4784b18,0x00000000a6d00000)
 Metaspace       used 20640K, capacity 21090K, committed 21296K, reserved 1069056K
  class space    used 2487K, capacity 2617K, committed 2688K, reserved 1048576K
Event: 2.887 GC heap after
Heap after GC invocations=9 (full 1):
 PSYoungGen      total 52736K, used 0K [0x00000000e0f80000, 0x00000000e4680000, 0x0000000100000000)
  eden space 49152K, 0% used [0x00000000e0f80000,0x00000000e0f80000,0x00000000e3f80000)
  from space 3584K, 0% used [0x00000000e4300000,0x00000000e4300000,0x00000000e4680000)
  to   space 3584K, 0% used [0x00000000e3f80000,0x00000000e3f80000,0x00000000e4300000)
 ParOldGen       total 65024K, used 21323K [0x00000000a2e00000, 0x00000000a6d80000, 0x00000000e0f80000)
  object space 65024K, 32% used [0x00000000a2e00000,0x00000000a42d2ef8,0x00000000a6d80000)
 Metaspace       used 20640K, capacity 21090K, committed 21296K, reserved 1069056K
  class space    used 2487K, capacity 2617K, committed 2688K, reserved 1048576K
}

